[0.021s] Invoking command in '/home/prts/RBOT250/build/my_cpp_py_pkg': CMAKE_PREFIX_PATH=${CMAKE_PREFIX_PATH}:/home/prts/RBOT250/src/install/learning_tf2_py /usr/bin/cmake --build /home/prts/RBOT250/build/my_cpp_py_pkg -- -j4 -l4
[0.093s] [35m[1mScanning dependencies of target cpp_executable[0m
[0.111s] [  0%] Built target ament_cmake_python_symlink_my_cpp_py_pkg
[0.132s] [ 50%] [32mBuilding CXX object CMakeFiles/cpp_executable.dir/src/cpp_node.cpp.o[0m
[0.394s] running egg_info
[0.395s] writing my_cpp_py_pkg.egg-info/PKG-INFO
[0.395s] writing dependency_links to my_cpp_py_pkg.egg-info/dependency_links.txt
[0.396s] writing top-level names to my_cpp_py_pkg.egg-info/top_level.txt
[0.399s] reading manifest file 'my_cpp_py_pkg.egg-info/SOURCES.txt'
[0.400s] writing manifest file 'my_cpp_py_pkg.egg-info/SOURCES.txt'
[0.438s] [ 50%] Built target ament_cmake_python_build_my_cpp_py_pkg_egg
[2.419s] [01m[K/home/prts/RBOT250/src/my_cpp_py_pkg/src/cpp_node.cpp:[m[K In member function â€˜[01m[Kvoid FramePublisher::timer_callback()[m[Kâ€™:
[2.419s] [01m[K/home/prts/RBOT250/src/my_cpp_py_pkg/src/cpp_node.cpp:122:13:[m[K [01;31m[Kerror: [m[Kâ€˜[01m[Kstruct geometry_msgs::msg::TransformStamped_<std::allocator<void> >[m[Kâ€™ has no member named â€˜[01m[Kdata[m[Kâ€™
[2.419s]   122 |     message.[01;31m[Kdata[m[K = get_tf2_value();
[2.419s]       |             [01;31m[K^~~~[m[K
[5.091s] make[2]: *** [CMakeFiles/cpp_executable.dir/build.make:63: CMakeFiles/cpp_executable.dir/src/cpp_node.cpp.o] Error 1
[5.091s] make[1]: *** [CMakeFiles/Makefile2:135: CMakeFiles/cpp_executable.dir/all] Error 2
[5.091s] make: *** [Makefile:141: all] Error 2
[5.094s] Invoked command in '/home/prts/RBOT250/build/my_cpp_py_pkg' returned '2': CMAKE_PREFIX_PATH=${CMAKE_PREFIX_PATH}:/home/prts/RBOT250/src/install/learning_tf2_py /usr/bin/cmake --build /home/prts/RBOT250/build/my_cpp_py_pkg -- -j4 -l4
