[0.023s] Invoking command in '/home/prts/RBOT250/build/my_cpp_py_pkg': CMAKE_PREFIX_PATH=${CMAKE_PREFIX_PATH}:/home/prts/RBOT250/src/install/learning_tf2_py /usr/bin/cmake --build /home/prts/RBOT250/build/my_cpp_py_pkg -- -j4 -l4
[0.087s] [35m[1mScanning dependencies of target cpp_executable[0m
[0.102s] [  0%] Built target ament_cmake_python_symlink_my_cpp_py_pkg
[0.127s] [ 50%] [32mBuilding CXX object CMakeFiles/cpp_executable.dir/src/cpp_node.cpp.o[0m
[0.391s] running egg_info
[0.392s] writing my_cpp_py_pkg.egg-info/PKG-INFO
[0.392s] writing dependency_links to my_cpp_py_pkg.egg-info/dependency_links.txt
[0.392s] writing top-level names to my_cpp_py_pkg.egg-info/top_level.txt
[0.396s] reading manifest file 'my_cpp_py_pkg.egg-info/SOURCES.txt'
[0.396s] writing manifest file 'my_cpp_py_pkg.egg-info/SOURCES.txt'
[0.441s] [ 50%] Built target ament_cmake_python_build_my_cpp_py_pkg_egg
[2.461s] In file included from [01m[K/home/prts/ros2_galactic/ros2-linux/include/rclcpp/client.hpp:40[m[K,
[2.461s]                  from [01m[K/home/prts/ros2_galactic/ros2-linux/include/rclcpp/callback_group.hpp:23[m[K,
[2.462s]                  from [01m[K/home/prts/ros2_galactic/ros2-linux/include/rclcpp/any_executable.hpp:20[m[K,
[2.462s]                  from [01m[K/home/prts/ros2_galactic/ros2-linux/include/rclcpp/memory_strategy.hpp:25[m[K,
[2.462s]                  from [01m[K/home/prts/ros2_galactic/ros2-linux/include/rclcpp/memory_strategies.hpp:18[m[K,
[2.462s]                  from [01m[K/home/prts/ros2_galactic/ros2-linux/include/rclcpp/executor_options.hpp:20[m[K,
[2.462s]                  from [01m[K/home/prts/ros2_galactic/ros2-linux/include/rclcpp/executor.hpp:36[m[K,
[2.463s]                  from [01m[K/home/prts/ros2_galactic/ros2-linux/include/rclcpp/executors/multi_threaded_executor.hpp:26[m[K,
[2.463s]                  from [01m[K/home/prts/ros2_galactic/ros2-linux/include/rclcpp/executors.hpp:21[m[K,
[2.463s]                  from [01m[K/home/prts/ros2_galactic/ros2-linux/include/rclcpp/rclcpp.hpp:156[m[K,
[2.463s]                  from [01m[K/home/prts/RBOT250/src/my_cpp_py_pkg/src/cpp_node.cpp:7[m[K:
[2.463s] [01m[K/home/prts/RBOT250/src/my_cpp_py_pkg/src/cpp_node.cpp:[m[K In member function â€˜[01m[Kvoid FramePublisher::timer_callback()[m[Kâ€™:
[2.464s] [01m[K/home/prts/RBOT250/src/my_cpp_py_pkg/src/cpp_node.cpp:134:91:[m[K [01;31m[Kerror: [m[Krequest for member â€˜[01m[Kx[m[Kâ€™ in â€˜[01m[Kmessage.geometry_msgs::msg::TransformStamped_<std::allocator<void> >::transform.geometry_msgs::msg::Transform_<std::allocator<void> >::rotation.geometry_msgs::msg::Quaternion_<std::allocator<void> >::x[m[Kâ€™, which is of non-class type â€˜[01m[Kgeometry_msgs::msg::Quaternion_<std::allocator<void> >::_x_type[m[Kâ€™ {aka â€˜[01m[Kdouble[m[Kâ€™}
[2.464s]   134 |     RCLCPP_INFO(this->get_logger(), "Publishing rtx: '%f'", message.transform.rotation.x .[01;31m[Kx[m[K);
[2.464s]       |                                                                                           [01;31m[K^[m[K
[2.464s] [01m[K/home/prts/RBOT250/src/my_cpp_py_pkg/src/cpp_node.cpp:135:91:[m[K [01;31m[Kerror: [m[Krequest for member â€˜[01m[Ky[m[Kâ€™ in â€˜[01m[Kmessage.geometry_msgs::msg::TransformStamped_<std::allocator<void> >::transform.geometry_msgs::msg::Transform_<std::allocator<void> >::rotation.geometry_msgs::msg::Quaternion_<std::allocator<void> >::x[m[Kâ€™, which is of non-class type â€˜[01m[Kgeometry_msgs::msg::Quaternion_<std::allocator<void> >::_x_type[m[Kâ€™ {aka â€˜[01m[Kdouble[m[Kâ€™}
[2.464s]   135 |     RCLCPP_INFO(this->get_logger(), "Publishing rty: '%f'", message.transform.rotation.x .[01;31m[Ky[m[K);
[2.464s]       |                                                                                           [01;31m[K^[m[K
[2.465s] [01m[K/home/prts/RBOT250/src/my_cpp_py_pkg/src/cpp_node.cpp:136:91:[m[K [01;31m[Kerror: [m[Krequest for member â€˜[01m[Kz[m[Kâ€™ in â€˜[01m[Kmessage.geometry_msgs::msg::TransformStamped_<std::allocator<void> >::transform.geometry_msgs::msg::Transform_<std::allocator<void> >::rotation.geometry_msgs::msg::Quaternion_<std::allocator<void> >::x[m[Kâ€™, which is of non-class type â€˜[01m[Kgeometry_msgs::msg::Quaternion_<std::allocator<void> >::_x_type[m[Kâ€™ {aka â€˜[01m[Kdouble[m[Kâ€™}
[2.465s]   136 |     RCLCPP_INFO(this->get_logger(), "Publishing rtz: '%f'", message.transform.rotation.x .[01;31m[Kz[m[K);
[2.465s]       |                                                                                           [01;31m[K^[m[K
[3.594s] make[2]: *** [CMakeFiles/cpp_executable.dir/build.make:63: CMakeFiles/cpp_executable.dir/src/cpp_node.cpp.o] Error 1
[3.594s] make[1]: *** [CMakeFiles/Makefile2:135: CMakeFiles/cpp_executable.dir/all] Error 2
[3.594s] make: *** [Makefile:141: all] Error 2
[3.597s] Invoked command in '/home/prts/RBOT250/build/my_cpp_py_pkg' returned '2': CMAKE_PREFIX_PATH=${CMAKE_PREFIX_PATH}:/home/prts/RBOT250/src/install/learning_tf2_py /usr/bin/cmake --build /home/prts/RBOT250/build/my_cpp_py_pkg -- -j4 -l4
