[0.020s] Invoking command in '/home/prts/RBOT250/build/my_cpp_py_pkg': CMAKE_PREFIX_PATH=${CMAKE_PREFIX_PATH}:/home/prts/RBOT250/src/install/learning_tf2_py /usr/bin/cmake --build /home/prts/RBOT250/build/my_cpp_py_pkg -- -j4 -l4
[0.093s] [35m[1mScanning dependencies of target cpp_executable[0m
[0.103s] [  0%] Built target ament_cmake_python_symlink_my_cpp_py_pkg
[0.121s] [ 50%] [32mBuilding CXX object CMakeFiles/cpp_executable.dir/src/cpp_node.cpp.o[0m
[0.393s] running egg_info
[0.394s] writing my_cpp_py_pkg.egg-info/PKG-INFO
[0.395s] writing dependency_links to my_cpp_py_pkg.egg-info/dependency_links.txt
[0.395s] writing top-level names to my_cpp_py_pkg.egg-info/top_level.txt
[0.398s] reading manifest file 'my_cpp_py_pkg.egg-info/SOURCES.txt'
[0.399s] writing manifest file 'my_cpp_py_pkg.egg-info/SOURCES.txt'
[0.444s] [ 50%] Built target ament_cmake_python_build_my_cpp_py_pkg_egg
[2.093s] [01m[K/home/prts/RBOT250/src/my_cpp_py_pkg/src/cpp_node.cpp:16:47:[m[K [01;31m[Kerror: [m[Kexpected â€˜[01m[K;[m[Kâ€™ before â€˜[01m[Kclass[m[Kâ€™
[2.093s]    16 | using namespace std::literals::chrono_literals
[2.093s]       |                                               [01;31m[K^[m[K
[2.093s]       |                                               [32m[K;[m[K
[2.094s]    17 | [32m[Kclass[m[K FramePublisher : public rclcpp::Node
[2.094s]       | [32m[K~~~~~[m[K                                          
[3.555s] make[2]: *** [CMakeFiles/cpp_executable.dir/build.make:63: CMakeFiles/cpp_executable.dir/src/cpp_node.cpp.o] Error 1
[3.556s] make[1]: *** [CMakeFiles/Makefile2:135: CMakeFiles/cpp_executable.dir/all] Error 2
[3.556s] make: *** [Makefile:141: all] Error 2
[3.559s] Invoked command in '/home/prts/RBOT250/build/my_cpp_py_pkg' returned '2': CMAKE_PREFIX_PATH=${CMAKE_PREFIX_PATH}:/home/prts/RBOT250/src/install/learning_tf2_py /usr/bin/cmake --build /home/prts/RBOT250/build/my_cpp_py_pkg -- -j4 -l4
