In file included from [01m[K/usr/include/c++/9/pstl/glue_algorithm_defs.h:13[m[K,
                 from [01m[K/usr/include/c++/9/algorithm:71[m[K,
                 from [01m[K/home/prts/ros2_galactic/ros2-linux/include/rosidl_runtime_cpp/bounded_vector.hpp:18[m[K,
                 from [01m[K/home/prts/ros2_galactic/ros2-linux/include/geometry_msgs/msg/detail/transform_stamped__struct.hpp:8[m[K,
                 from [01m[K/home/prts/ros2_galactic/ros2-linux/include/geometry_msgs/msg/transform_stamped.hpp:7[m[K,
                 from [01m[K/home/prts/RBOT250/src/my_cpp_py_pkg/src/cpp_node.cpp:1[m[K:
/usr/include/c++/9/functional: In instantiation of â€˜[01m[Kstruct std::_Bind_check_arity<void (FramePublisher::*)(), FramePublisher*, const std::_Placeholder<1>&>[m[Kâ€™:
[01m[K/usr/include/c++/9/functional:787:12:[m[K   required from â€˜[01m[Kstruct std::_Bind_helper<false, void (FramePublisher::*)(), FramePublisher*, const std::_Placeholder<1>&>[m[Kâ€™
[01m[K/usr/include/c++/9/functional:808:5:[m[K   required by substitution of â€˜[01m[Ktemplate<class _Func, class ... _BoundArgs> typename std::_Bind_helper<std::__is_socketlike<_Func>::value, _Func, _BoundArgs ...>::type std::bind(_Func&&, _BoundArgs&& ...) [with _Func = void (FramePublisher::*)(); _BoundArgs = {FramePublisher*, const std::_Placeholder<1>&}][m[Kâ€™
[01m[K/home/prts/RBOT250/src/my_cpp_py_pkg/src/cpp_node.cpp:42:96:[m[K   required from here
[01m[K/usr/include/c++/9/functional:775:7:[m[K [01;31m[Kerror: [m[Kstatic assertion failed: Wrong number of arguments for pointer-to-member
  774 |       static_assert(_Varargs::[01;31m[Kvalue[m[K
      |                               [01;31m[K~~~~~[m[K
  775 | [01;31m[K      ? sizeof...(_BoundArgs) >= _Arity::value + 1[m[K
      |       [01;31m[K^~~~~~~~~~~~~~~~~~~~~~~~~~~~~~~~~~~~~~~~~~~~[m[K
  776 | [01;31m[K      : sizeof...(_BoundArgs) == _Arity::value + 1[m[K,
      |       [01;31m[K~~~~~~~~~~~~~~~~~~~~~~~~~~~~~~~~~~~~~~~~~~~~[m[K
[01m[K/home/prts/RBOT250/src/my_cpp_py_pkg/src/cpp_node.cpp:[m[K In constructor â€˜[01m[KFramePublisher::FramePublisher()[m[Kâ€™:
[01m[K/home/prts/RBOT250/src/my_cpp_py_pkg/src/cpp_node.cpp:42:97:[m[K [01;31m[Kerror: [m[Kno matching function for call to â€˜[01m[KFramePublisher::create_wall_timer(int, std::_Bind_helper<false, void (FramePublisher::*)(), FramePublisher*, const std::_Placeholder<1>&>::type)[m[Kâ€™
   42 |     timer_ = this->create_wall_timer(50000, std::bind(&FramePublisher::timer_callback, this, _1)[01;31m[K)[m[K;
      |                                                                                                 [01;31m[K^[m[K
In file included from [01m[K/home/prts/ros2_galactic/ros2-linux/include/rclcpp/executors/single_threaded_executor.hpp:28[m[K,
                 from [01m[K/home/prts/ros2_galactic/ros2-linux/include/rclcpp/executors.hpp:22[m[K,
                 from [01m[K/home/prts/ros2_galactic/ros2-linux/include/rclcpp/rclcpp.hpp:156[m[K,
                 from [01m[K/home/prts/RBOT250/src/my_cpp_py_pkg/src/cpp_node.cpp:7[m[K:
[01m[K/home/prts/ros2_galactic/ros2-linux/include/rclcpp/node.hpp:237:3:[m[K [01;36m[Knote: [m[Kcandidate: â€˜[01m[Ktemplate<class DurationRepT, class DurationT, class CallbackT> typename rclcpp::WallTimer<CallbackT>::SharedPtr rclcpp::Node::create_wall_timer(std::chrono::duration<_Rep1, _Period1>, CallbackT, rclcpp::CallbackGroup::SharedPtr)[m[Kâ€™
  237 |   [01;36m[Kcreate_wall_timer[m[K(
      |   [01;36m[K^~~~~~~~~~~~~~~~~[m[K
[01m[K/home/prts/ros2_galactic/ros2-linux/include/rclcpp/node.hpp:237:3:[m[K [01;36m[Knote: [m[K  template argument deduction/substitution failed:
[01m[K/home/prts/RBOT250/src/my_cpp_py_pkg/src/cpp_node.cpp:42:97:[m[K [01;36m[Knote: [m[K  mismatched types â€˜[01m[Kstd::chrono::duration<_Rep1, _Period1>[m[Kâ€™ and â€˜[01m[Kint[m[Kâ€™
   42 |     timer_ = this->create_wall_timer(50000, std::bind(&FramePublisher::timer_callback, this, _1)[01;36m[K)[m[K;
      |                                                                                                 [01;36m[K^[m[K
make[2]: *** [CMakeFiles/cpp_executable.dir/build.make:63: CMakeFiles/cpp_executable.dir/src/cpp_node.cpp.o] Error 1
make[1]: *** [CMakeFiles/Makefile2:135: CMakeFiles/cpp_executable.dir/all] Error 2
make: *** [Makefile:141: all] Error 2
