[0.000000] (-) TimerEvent: {}
[0.001984] (-) JobUnselected: {'identifier': 'cpp_pubsub'}
[0.002064] (-) JobUnselected: {'identifier': 'learning_tf2_cpp'}
[0.002120] (-) JobUnselected: {'identifier': 'learning_tf2_py'}
[0.002175] (my_cpp_py_pkg) JobQueued: {'identifier': 'my_cpp_py_pkg', 'dependencies': OrderedDict()}
[0.002227] (my_cpp_py_pkg) JobStarted: {'identifier': 'my_cpp_py_pkg'}
[0.026180] (my_cpp_py_pkg) JobProgress: {'identifier': 'my_cpp_py_pkg', 'progress': 'cmake'}
[0.027416] (my_cpp_py_pkg) JobProgress: {'identifier': 'my_cpp_py_pkg', 'progress': 'build'}
[0.028939] (my_cpp_py_pkg) Command: {'cmd': ['/usr/bin/cmake', '--build', '/home/prts/RBOT250/build/my_cpp_py_pkg', '--', '-j4', '-l4'], 'cwd': '/home/prts/RBOT250/build/my_cpp_py_pkg', 'env': OrderedDict([('LESSOPEN', '| /usr/bin/lesspipe %s'), ('USER', 'prts'), ('SSH_AGENT_PID', '1036'), ('XDG_SESSION_TYPE', 'x11'), ('SHLVL', '1'), ('LD_LIBRARY_PATH', '/home/prts/ros2_galactic/ros2-linux/opt/yaml_cpp_vendor/lib:/home/prts/ros2_galactic/ros2-linux/opt/rviz_ogre_vendor/lib:/home/prts/ros2_galactic/ros2-linux/lib'), ('HOME', '/home/prts'), ('OLDPWD', '/home/prts/RBOT250/src'), ('DESKTOP_SESSION', 'ubuntu'), ('ROS_PYTHON_VERSION', '3'), ('GNOME_SHELL_SESSION_MODE', 'ubuntu'), ('GTK_MODULES', 'gail:atk-bridge'), ('MANAGERPID', '810'), ('DBUS_STARTER_BUS_TYPE', 'session'), ('DBUS_SESSION_BUS_ADDRESS', 'unix:path=/run/user/1000/bus,guid=2b9c977916ba3eb6b35d473d6178c001'), ('COLORTERM', 'truecolor'), ('IM_CONFIG_PHASE', '1'), ('COLCON_PREFIX_PATH', '/home/prts/RBOT250/install:/home/prts/ros2_galactic/ros2-linux:/home/prts/RBOT250/src/install'), ('ROS_DISTRO', 'galactic'), ('LOGNAME', 'prts'), ('JOURNAL_STREAM', '8:38008'), ('_', '/usr/bin/colcon'), ('ROS_VERSION', '2'), ('PKG_CONFIG_PATH', '/home/prts/ros2_galactic/ros2-linux/lib/x86_64-linux-gnu/pkgconfig:/home/prts/ros2_galactic/ros2-linux/lib/pkgconfig'), ('XDG_SESSION_CLASS', 'user'), ('USERNAME', 'prts'), ('TERM', 'xterm-256color'), ('GNOME_DESKTOP_SESSION_ID', 'this-is-deprecated'), ('ROS_LOCALHOST_ONLY', '0'), ('WINDOWPATH', '2'), ('PATH', '/home/prts/ros2_galactic/ros2-linux/bin:/usr/local/sbin:/usr/local/bin:/usr/sbin:/usr/bin:/sbin:/bin:/usr/games:/usr/local/games:/snap/bin'), ('SESSION_MANAGER', 'local/prts:@/tmp/.ICE-unix/1142,unix/prts:/tmp/.ICE-unix/1142'), ('INVOCATION_ID', 'd896a933268545d8bb0fdd122397c158'), ('XDG_MENU_PREFIX', 'gnome-'), ('GNOME_TERMINAL_SCREEN', '/org/gnome/Terminal/screen/04dde545_bd64_47c7_9aba_3a6b0ab5f899'), ('XDG_RUNTIME_DIR', '/run/user/1000'), ('DISPLAY', ':0'), ('LANG', 'en_US.UTF-8'), ('XDG_CURRENT_DESKTOP', 'ubuntu:GNOME'), ('XMODIFIERS', '@im=ibus'), ('XDG_SESSION_DESKTOP', 'ubuntu'), ('XAUTHORITY', '/run/user/1000/gdm/Xauthority'), ('LS_COLORS', 'rs=0:di=01;34:ln=01;36:mh=00:pi=40;33:so=01;35:do=01;35:bd=40;33;01:cd=40;33;01:or=40;31;01:mi=00:su=37;41:sg=30;43:ca=30;41:tw=30;42:ow=34;42:st=37;44:ex=01;32:*.tar=01;31:*.tgz=01;31:*.arc=01;31:*.arj=01;31:*.taz=01;31:*.lha=01;31:*.lz4=01;31:*.lzh=01;31:*.lzma=01;31:*.tlz=01;31:*.txz=01;31:*.tzo=01;31:*.t7z=01;31:*.zip=01;31:*.z=01;31:*.dz=01;31:*.gz=01;31:*.lrz=01;31:*.lz=01;31:*.lzo=01;31:*.xz=01;31:*.zst=01;31:*.tzst=01;31:*.bz2=01;31:*.bz=01;31:*.tbz=01;31:*.tbz2=01;31:*.tz=01;31:*.deb=01;31:*.rpm=01;31:*.jar=01;31:*.war=01;31:*.ear=01;31:*.sar=01;31:*.rar=01;31:*.alz=01;31:*.ace=01;31:*.zoo=01;31:*.cpio=01;31:*.7z=01;31:*.rz=01;31:*.cab=01;31:*.wim=01;31:*.swm=01;31:*.dwm=01;31:*.esd=01;31:*.jpg=01;35:*.jpeg=01;35:*.mjpg=01;35:*.mjpeg=01;35:*.gif=01;35:*.bmp=01;35:*.pbm=01;35:*.pgm=01;35:*.ppm=01;35:*.tga=01;35:*.xbm=01;35:*.xpm=01;35:*.tif=01;35:*.tiff=01;35:*.png=01;35:*.svg=01;35:*.svgz=01;35:*.mng=01;35:*.pcx=01;35:*.mov=01;35:*.mpg=01;35:*.mpeg=01;35:*.m2v=01;35:*.mkv=01;35:*.webm=01;35:*.ogm=01;35:*.mp4=01;35:*.m4v=01;35:*.mp4v=01;35:*.vob=01;35:*.qt=01;35:*.nuv=01;35:*.wmv=01;35:*.asf=01;35:*.rm=01;35:*.rmvb=01;35:*.flc=01;35:*.avi=01;35:*.fli=01;35:*.flv=01;35:*.gl=01;35:*.dl=01;35:*.xcf=01;35:*.xwd=01;35:*.yuv=01;35:*.cgm=01;35:*.emf=01;35:*.ogv=01;35:*.ogx=01;35:*.aac=00;36:*.au=00;36:*.flac=00;36:*.m4a=00;36:*.mid=00;36:*.midi=00;36:*.mka=00;36:*.mp3=00;36:*.mpc=00;36:*.ogg=00;36:*.ra=00;36:*.wav=00;36:*.oga=00;36:*.opus=00;36:*.spx=00;36:*.xspf=00;36:'), ('GNOME_TERMINAL_SERVICE', ':1.194'), ('SSH_AUTH_SOCK', '/run/user/1000/keyring/ssh'), ('AMENT_PREFIX_PATH', '/home/prts/RBOT250/install/my_cpp_py_pkg:/home/prts/RBOT250/install/learning_tf2_cpp:/home/prts/RBOT250/install/cpp_pubsub:/home/prts/RBOT250/src/install/learning_tf2_py:/home/prts/RBOT250/src/install/learning_tf2_cpp:/home/prts/RBOT250/src/install/cpp_pubsub:/home/prts/ros2_galactic/ros2-linux'), ('SHELL', '/bin/bash'), ('QT_ACCESSIBILITY', '1'), ('GDMSESSION', 'ubuntu'), ('LESSCLOSE', '/usr/bin/lesspipe %s %s'), ('GPG_AGENT_INFO', '/run/user/1000/gnupg/S.gpg-agent:0:1'), ('QT_IM_MODULE', 'ibus'), ('PWD', '/home/prts/RBOT250/build/my_cpp_py_pkg'), ('XDG_CONFIG_DIRS', '/etc/xdg/xdg-ubuntu:/etc/xdg'), ('DBUS_STARTER_ADDRESS', 'unix:path=/run/user/1000/bus,guid=2b9c977916ba3eb6b35d473d6178c001'), ('XDG_DATA_DIRS', '/usr/share/ubuntu:/usr/local/share/:/usr/share/:/var/lib/snapd/desktop'), ('PYTHONPATH', '/home/prts/RBOT250/install/my_cpp_py_pkg/lib/python3.8/site-packages:/home/prts/RBOT250/install/learning_tf2_cpp/lib/python3.8/site-packages:/home/prts/RBOT250/src/install/learning_tf2_py/lib/python3.8/site-packages:/home/prts/RBOT250/src/install/learning_tf2_cpp/lib/python3.8/site-packages:/home/prts/ros2_galactic/ros2-linux/lib/python3.8/site-packages'), ('COLCON', '1'), ('VTE_VERSION', '6003'), ('CMAKE_PREFIX_PATH', '/home/prts/RBOT250/install/my_cpp_py_pkg:/home/prts/RBOT250/install/learning_tf2_cpp:/home/prts/RBOT250/install/cpp_pubsub:/home/prts/RBOT250/src/install/learning_tf2_cpp:/home/prts/RBOT250/src/install/cpp_pubsub:/home/prts/ros2_galactic/ros2-linux:/home/prts/RBOT250/src/install/learning_tf2_py')]), 'shell': False}
[0.098903] (-) TimerEvent: {}
[0.099527] (my_cpp_py_pkg) StdoutLine: {'line': b'\x1b[35m\x1b[1mScanning dependencies of target cpp_executable\x1b[0m\n'}
[0.129750] (my_cpp_py_pkg) StdoutLine: {'line': b'[  0%] Built target ament_cmake_python_symlink_my_cpp_py_pkg\n'}
[0.135809] (my_cpp_py_pkg) StdoutLine: {'line': b'[ 50%] \x1b[32mBuilding CXX object CMakeFiles/cpp_executable.dir/src/cpp_node.cpp.o\x1b[0m\n'}
[0.199036] (-) TimerEvent: {}
[0.299601] (-) TimerEvent: {}
[0.400198] (-) TimerEvent: {}
[0.414026] (my_cpp_py_pkg) StdoutLine: {'line': b'running egg_info\n'}
[0.414798] (my_cpp_py_pkg) StdoutLine: {'line': b'writing my_cpp_py_pkg.egg-info/PKG-INFO\n'}
[0.415104] (my_cpp_py_pkg) StdoutLine: {'line': b'writing dependency_links to my_cpp_py_pkg.egg-info/dependency_links.txt\n'}
[0.415359] (my_cpp_py_pkg) StdoutLine: {'line': b'writing top-level names to my_cpp_py_pkg.egg-info/top_level.txt\n'}
[0.419054] (my_cpp_py_pkg) StdoutLine: {'line': b"reading manifest file 'my_cpp_py_pkg.egg-info/SOURCES.txt'\n"}
[0.419711] (my_cpp_py_pkg) StdoutLine: {'line': b"writing manifest file 'my_cpp_py_pkg.egg-info/SOURCES.txt'\n"}
[0.464745] (my_cpp_py_pkg) StdoutLine: {'line': b'[ 50%] Built target ament_cmake_python_build_my_cpp_py_pkg_egg\n'}
[0.500347] (-) TimerEvent: {}
[0.600819] (-) TimerEvent: {}
[0.701247] (-) TimerEvent: {}
[0.801680] (-) TimerEvent: {}
[0.902111] (-) TimerEvent: {}
[1.002587] (-) TimerEvent: {}
[1.103059] (-) TimerEvent: {}
[1.203526] (-) TimerEvent: {}
[1.303994] (-) TimerEvent: {}
[1.404470] (-) TimerEvent: {}
[1.504934] (-) TimerEvent: {}
[1.605384] (-) TimerEvent: {}
[1.705830] (-) TimerEvent: {}
[1.806264] (-) TimerEvent: {}
[1.906735] (-) TimerEvent: {}
[2.007168] (-) TimerEvent: {}
[2.107612] (-) TimerEvent: {}
[2.208049] (-) TimerEvent: {}
[2.308543] (-) TimerEvent: {}
[2.409199] (-) TimerEvent: {}
[2.424255] (my_cpp_py_pkg) StderrLine: {'line': b'\x1b[01m\x1b[K/home/prts/RBOT250/src/my_cpp_py_pkg/src/cpp_node.cpp:\x1b[m\x1b[K In member function \xe2\x80\x98\x1b[01m\x1b[Kvoid FramePublisher::timer_callback()\x1b[m\x1b[K\xe2\x80\x99:\n'}
[2.424638] (my_cpp_py_pkg) StderrLine: {'line': b'\x1b[01m\x1b[K/home/prts/RBOT250/src/my_cpp_py_pkg/src/cpp_node.cpp:89:13:\x1b[m\x1b[K \x1b[01;31m\x1b[Kerror: \x1b[m\x1b[K\xe2\x80\x98\x1b[01m\x1b[Kstruct geometry_msgs::msg::TransformStamped_<std::allocator<void> >\x1b[m\x1b[K\xe2\x80\x99 has no member named \xe2\x80\x98\x1b[01m\x1b[Kdata\x1b[m\x1b[K\xe2\x80\x99\n'}
[2.425006] (my_cpp_py_pkg) StderrLine: {'line': b'   89 |     message.\x1b[01;31m\x1b[Kdata\x1b[m\x1b[K = "Hello, world! " + std::to_string(count_++);\n'}
[2.425210] (my_cpp_py_pkg) StderrLine: {'line': b'      |             \x1b[01;31m\x1b[K^~~~\x1b[m\x1b[K\n'}
[2.425380] (my_cpp_py_pkg) StderrLine: {'line': b'In file included from \x1b[01m\x1b[K/home/prts/ros2_galactic/ros2-linux/include/rclcpp/client.hpp:40\x1b[m\x1b[K,\n'}
[2.425547] (my_cpp_py_pkg) StderrLine: {'line': b'                 from \x1b[01m\x1b[K/home/prts/ros2_galactic/ros2-linux/include/rclcpp/callback_group.hpp:23\x1b[m\x1b[K,\n'}
[2.425707] (my_cpp_py_pkg) StderrLine: {'line': b'                 from \x1b[01m\x1b[K/home/prts/ros2_galactic/ros2-linux/include/rclcpp/any_executable.hpp:20\x1b[m\x1b[K,\n'}
[2.425865] (my_cpp_py_pkg) StderrLine: {'line': b'                 from \x1b[01m\x1b[K/home/prts/ros2_galactic/ros2-linux/include/rclcpp/memory_strategy.hpp:25\x1b[m\x1b[K,\n'}
[2.426025] (my_cpp_py_pkg) StderrLine: {'line': b'                 from \x1b[01m\x1b[K/home/prts/ros2_galactic/ros2-linux/include/rclcpp/memory_strategies.hpp:18\x1b[m\x1b[K,\n'}
[2.426182] (my_cpp_py_pkg) StderrLine: {'line': b'                 from \x1b[01m\x1b[K/home/prts/ros2_galactic/ros2-linux/include/rclcpp/executor_options.hpp:20\x1b[m\x1b[K,\n'}
[2.426340] (my_cpp_py_pkg) StderrLine: {'line': b'                 from \x1b[01m\x1b[K/home/prts/ros2_galactic/ros2-linux/include/rclcpp/executor.hpp:36\x1b[m\x1b[K,\n'}
[2.426499] (my_cpp_py_pkg) StderrLine: {'line': b'                 from \x1b[01m\x1b[K/home/prts/ros2_galactic/ros2-linux/include/rclcpp/executors/multi_threaded_executor.hpp:26\x1b[m\x1b[K,\n'}
[2.426657] (my_cpp_py_pkg) StderrLine: {'line': b'                 from \x1b[01m\x1b[K/home/prts/ros2_galactic/ros2-linux/include/rclcpp/executors.hpp:21\x1b[m\x1b[K,\n'}
[2.426815] (my_cpp_py_pkg) StderrLine: {'line': b'                 from \x1b[01m\x1b[K/home/prts/ros2_galactic/ros2-linux/include/rclcpp/rclcpp.hpp:156\x1b[m\x1b[K,\n'}
[2.426972] (my_cpp_py_pkg) StderrLine: {'line': b'                 from \x1b[01m\x1b[K/home/prts/RBOT250/src/my_cpp_py_pkg/src/cpp_node.cpp:7\x1b[m\x1b[K:\n'}
[2.427130] (my_cpp_py_pkg) StderrLine: {'line': b'\x1b[01m\x1b[K/home/prts/RBOT250/src/my_cpp_py_pkg/src/cpp_node.cpp:90:65:\x1b[m\x1b[K \x1b[01;31m\x1b[Kerror: \x1b[m\x1b[K\xe2\x80\x98\x1b[01m\x1b[Kstruct geometry_msgs::msg::TransformStamped_<std::allocator<void> >\x1b[m\x1b[K\xe2\x80\x99 has no member named \xe2\x80\x98\x1b[01m\x1b[Kdata\x1b[m\x1b[K\xe2\x80\x99\n'}
[2.427292] (my_cpp_py_pkg) StderrLine: {'line': b'   90 |     RCLCPP_INFO(this->get_logger(), "Publishing: \'%s\'", message.\x1b[01;31m\x1b[Kdata\x1b[m\x1b[K.c_str());\n'}
[2.427451] (my_cpp_py_pkg) StderrLine: {'line': b'      |                                                                 \x1b[01;31m\x1b[K^~~~\x1b[m\x1b[K\n'}
[2.509365] (-) TimerEvent: {}
[2.609863] (-) TimerEvent: {}
[2.710296] (-) TimerEvent: {}
[2.810790] (-) TimerEvent: {}
[2.911222] (-) TimerEvent: {}
[3.011678] (-) TimerEvent: {}
[3.112131] (-) TimerEvent: {}
[3.212595] (-) TimerEvent: {}
[3.313065] (-) TimerEvent: {}
[3.413533] (-) TimerEvent: {}
[3.513994] (-) TimerEvent: {}
[3.614456] (-) TimerEvent: {}
[3.714919] (-) TimerEvent: {}
[3.815383] (-) TimerEvent: {}
[3.915857] (-) TimerEvent: {}
[4.016322] (-) TimerEvent: {}
[4.116799] (-) TimerEvent: {}
[4.217259] (-) TimerEvent: {}
[4.317672] (-) TimerEvent: {}
[4.418133] (-) TimerEvent: {}
[4.518562] (-) TimerEvent: {}
[4.618998] (-) TimerEvent: {}
[4.719488] (-) TimerEvent: {}
[4.819953] (-) TimerEvent: {}
[4.920435] (-) TimerEvent: {}
[5.020924] (-) TimerEvent: {}
[5.026791] (my_cpp_py_pkg) StderrLine: {'line': b'make[2]: *** [CMakeFiles/cpp_executable.dir/build.make:63: CMakeFiles/cpp_executable.dir/src/cpp_node.cpp.o] Error 1\n'}
[5.027147] (my_cpp_py_pkg) StderrLine: {'line': b'make[1]: *** [CMakeFiles/Makefile2:135: CMakeFiles/cpp_executable.dir/all] Error 2\n'}
[5.027414] (my_cpp_py_pkg) StderrLine: {'line': b'make: *** [Makefile:141: all] Error 2\n'}
[5.030564] (my_cpp_py_pkg) CommandEnded: {'returncode': 2}
[5.084488] (my_cpp_py_pkg) JobEnded: {'identifier': 'my_cpp_py_pkg', 'rc': 2}
[5.095005] (-) EventReactorShutdown: {}
