[0.022s] Invoking command in '/home/prts/RBOT250/build/my_cpp_py_pkg': CMAKE_PREFIX_PATH=${CMAKE_PREFIX_PATH}:/home/prts/RBOT250/src/install/learning_tf2_py /usr/bin/cmake --build /home/prts/RBOT250/build/my_cpp_py_pkg -- -j4 -l4
[0.090s] [35m[1mScanning dependencies of target cpp_executable[0m
[0.097s] [  0%] Built target ament_cmake_python_symlink_my_cpp_py_pkg
[0.127s] [ 50%] [32mBuilding CXX object CMakeFiles/cpp_executable.dir/src/cpp_node.cpp.o[0m
[0.385s] running egg_info
[0.386s] writing my_cpp_py_pkg.egg-info/PKG-INFO
[0.386s] writing dependency_links to my_cpp_py_pkg.egg-info/dependency_links.txt
[0.387s] writing top-level names to my_cpp_py_pkg.egg-info/top_level.txt
[0.391s] reading manifest file 'my_cpp_py_pkg.egg-info/SOURCES.txt'
[0.391s] writing manifest file 'my_cpp_py_pkg.egg-info/SOURCES.txt'
[0.434s] [ 50%] Built target ament_cmake_python_build_my_cpp_py_pkg_egg
[2.220s] [01m[K/home/prts/RBOT250/src/my_cpp_py_pkg/src/cpp_node.cpp:[m[K In constructor â€˜[01m[KFramePublisher::FramePublisher()[m[Kâ€™:
[2.220s] [01m[K/home/prts/RBOT250/src/my_cpp_py_pkg/src/cpp_node.cpp:42:38:[m[K [01;31m[Kerror: [m[Kunable to find numeric literal operator â€˜[01m[Koperator""ms[m[Kâ€™
[2.220s]    42 |     timer_ = this->create_wall_timer([01;31m[K500ms[m[K, std::bind(&FramePublisher::timer_callback, this));
[2.220s]       |                                      [01;31m[K^~~~~[m[K
[3.552s] make[2]: *** [CMakeFiles/cpp_executable.dir/build.make:63: CMakeFiles/cpp_executable.dir/src/cpp_node.cpp.o] Error 1
[3.552s] make[1]: *** [CMakeFiles/Makefile2:135: CMakeFiles/cpp_executable.dir/all] Error 2
[3.553s] make: *** [Makefile:141: all] Error 2
[3.555s] Invoked command in '/home/prts/RBOT250/build/my_cpp_py_pkg' returned '2': CMAKE_PREFIX_PATH=${CMAKE_PREFIX_PATH}:/home/prts/RBOT250/src/install/learning_tf2_py /usr/bin/cmake --build /home/prts/RBOT250/build/my_cpp_py_pkg -- -j4 -l4
