[0.023s] Invoking command in '/home/prts/RBOT250/build/my_cpp_py_pkg': CMAKE_PREFIX_PATH=${CMAKE_PREFIX_PATH}:/home/prts/RBOT250/src/install/learning_tf2_py /usr/bin/cmake --build /home/prts/RBOT250/build/my_cpp_py_pkg -- -j4 -l4
[0.092s] [35m[1mScanning dependencies of target cpp_executable[0m
[0.120s] [  0%] Built target ament_cmake_python_symlink_my_cpp_py_pkg
[0.140s] [ 50%] [32mBuilding CXX object CMakeFiles/cpp_executable.dir/src/cpp_node.cpp.o[0m
[0.413s] running egg_info
[0.414s] writing my_cpp_py_pkg.egg-info/PKG-INFO
[0.414s] writing dependency_links to my_cpp_py_pkg.egg-info/dependency_links.txt
[0.414s] writing top-level names to my_cpp_py_pkg.egg-info/top_level.txt
[0.418s] reading manifest file 'my_cpp_py_pkg.egg-info/SOURCES.txt'
[0.419s] writing manifest file 'my_cpp_py_pkg.egg-info/SOURCES.txt'
[0.465s] [ 50%] Built target ament_cmake_python_build_my_cpp_py_pkg_egg
[2.473s] [01m[K/home/prts/RBOT250/src/my_cpp_py_pkg/src/cpp_node.cpp:[m[K In function â€˜[01m[Kint main(int, char**)[m[Kâ€™:
[2.473s] [01m[K/home/prts/RBOT250/src/my_cpp_py_pkg/src/cpp_node.cpp:76:3:[m[K [01;31m[Kerror: [m[Kâ€˜[01m[Kcout[m[Kâ€™ was not declared in this scope; did you mean â€˜[01m[Kstd::cout[m[Kâ€™?
[2.473s]    76 |   [01;31m[Kcout[m[K << "Starting Broadcaster";
[2.473s]       |   [01;31m[K^~~~[m[K
[2.474s]       |   [32m[Kstd::cout[m[K
[2.474s] In file included from [01m[K/home/prts/ros2_galactic/ros2-linux/include/rclcpp/executor.hpp:22[m[K,
[2.474s]                  from [01m[K/home/prts/ros2_galactic/ros2-linux/include/rclcpp/executors/multi_threaded_executor.hpp:26[m[K,
[2.474s]                  from [01m[K/home/prts/ros2_galactic/ros2-linux/include/rclcpp/executors.hpp:21[m[K,
[2.474s]                  from [01m[K/home/prts/ros2_galactic/ros2-linux/include/rclcpp/rclcpp.hpp:156[m[K,
[2.474s]                  from [01m[K/home/prts/RBOT250/src/my_cpp_py_pkg/src/cpp_node.cpp:3[m[K:
[2.475s] [01m[K/usr/include/c++/9/iostream:61:18:[m[K [01;36m[Knote: [m[Kâ€˜[01m[Kstd::cout[m[Kâ€™ declared here
[2.475s]    61 |   extern ostream [01;36m[Kcout[m[K;  /// Linked to standard output
[2.475s]       |                  [01;36m[K^~~~[m[K
[4.979s] make[2]: *** [CMakeFiles/cpp_executable.dir/build.make:63: CMakeFiles/cpp_executable.dir/src/cpp_node.cpp.o] Error 1
[4.979s] make[1]: *** [CMakeFiles/Makefile2:135: CMakeFiles/cpp_executable.dir/all] Error 2
[4.979s] make: *** [Makefile:141: all] Error 2
[4.982s] Invoked command in '/home/prts/RBOT250/build/my_cpp_py_pkg' returned '2': CMAKE_PREFIX_PATH=${CMAKE_PREFIX_PATH}:/home/prts/RBOT250/src/install/learning_tf2_py /usr/bin/cmake --build /home/prts/RBOT250/build/my_cpp_py_pkg -- -j4 -l4
