[01m[K/home/prts/RBOT250/src/my_cpp_py_pkg/src/cpp_node.cpp:[m[K In member function â€˜[01m[Kvoid FramePublisher::timer_callback()[m[Kâ€™:
[01m[K/home/prts/RBOT250/src/my_cpp_py_pkg/src/cpp_node.cpp:89:13:[m[K [01;31m[Kerror: [m[Kâ€˜[01m[Kstruct geometry_msgs::msg::TransformStamped_<std::allocator<void> >[m[Kâ€™ has no member named â€˜[01m[Kdata[m[Kâ€™
   89 |     message.[01;31m[Kdata[m[K = "Hello, world! " + std::to_string(count_++);
      |             [01;31m[K^~~~[m[K
In file included from [01m[K/home/prts/ros2_galactic/ros2-linux/include/rclcpp/client.hpp:40[m[K,
                 from [01m[K/home/prts/ros2_galactic/ros2-linux/include/rclcpp/callback_group.hpp:23[m[K,
                 from [01m[K/home/prts/ros2_galactic/ros2-linux/include/rclcpp/any_executable.hpp:20[m[K,
                 from [01m[K/home/prts/ros2_galactic/ros2-linux/include/rclcpp/memory_strategy.hpp:25[m[K,
                 from [01m[K/home/prts/ros2_galactic/ros2-linux/include/rclcpp/memory_strategies.hpp:18[m[K,
                 from [01m[K/home/prts/ros2_galactic/ros2-linux/include/rclcpp/executor_options.hpp:20[m[K,
                 from [01m[K/home/prts/ros2_galactic/ros2-linux/include/rclcpp/executor.hpp:36[m[K,
                 from [01m[K/home/prts/ros2_galactic/ros2-linux/include/rclcpp/executors/multi_threaded_executor.hpp:26[m[K,
                 from [01m[K/home/prts/ros2_galactic/ros2-linux/include/rclcpp/executors.hpp:21[m[K,
                 from [01m[K/home/prts/ros2_galactic/ros2-linux/include/rclcpp/rclcpp.hpp:156[m[K,
                 from [01m[K/home/prts/RBOT250/src/my_cpp_py_pkg/src/cpp_node.cpp:7[m[K:
[01m[K/home/prts/RBOT250/src/my_cpp_py_pkg/src/cpp_node.cpp:90:65:[m[K [01;31m[Kerror: [m[Kâ€˜[01m[Kstruct geometry_msgs::msg::TransformStamped_<std::allocator<void> >[m[Kâ€™ has no member named â€˜[01m[Kdata[m[Kâ€™
   90 |     RCLCPP_INFO(this->get_logger(), "Publishing: '%s'", message.[01;31m[Kdata[m[K.c_str());
      |                                                                 [01;31m[K^~~~[m[K
make[2]: *** [CMakeFiles/cpp_executable.dir/build.make:63: CMakeFiles/cpp_executable.dir/src/cpp_node.cpp.o] Error 1
make[1]: *** [CMakeFiles/Makefile2:135: CMakeFiles/cpp_executable.dir/all] Error 2
make: *** [Makefile:141: all] Error 2
