[0.029s] Invoking command in '/home/prts/RBOT250/build/my_cpp_py_pkg': CMAKE_PREFIX_PATH=${CMAKE_PREFIX_PATH}:/home/prts/RBOT250/src/install/learning_tf2_py /usr/bin/cmake --build /home/prts/RBOT250/build/my_cpp_py_pkg -- -j4 -l4
[0.098s] [35m[1mScanning dependencies of target cpp_executable[0m
[0.128s] [  0%] Built target ament_cmake_python_symlink_my_cpp_py_pkg
[0.134s] [ 50%] [32mBuilding CXX object CMakeFiles/cpp_executable.dir/src/cpp_node.cpp.o[0m
[0.412s] running egg_info
[0.413s] writing my_cpp_py_pkg.egg-info/PKG-INFO
[0.413s] writing dependency_links to my_cpp_py_pkg.egg-info/dependency_links.txt
[0.413s] writing top-level names to my_cpp_py_pkg.egg-info/top_level.txt
[0.417s] reading manifest file 'my_cpp_py_pkg.egg-info/SOURCES.txt'
[0.418s] writing manifest file 'my_cpp_py_pkg.egg-info/SOURCES.txt'
[0.463s] [ 50%] Built target ament_cmake_python_build_my_cpp_py_pkg_egg
[2.422s] [01m[K/home/prts/RBOT250/src/my_cpp_py_pkg/src/cpp_node.cpp:[m[K In member function â€˜[01m[Kvoid FramePublisher::timer_callback()[m[Kâ€™:
[2.423s] [01m[K/home/prts/RBOT250/src/my_cpp_py_pkg/src/cpp_node.cpp:89:13:[m[K [01;31m[Kerror: [m[Kâ€˜[01m[Kstruct geometry_msgs::msg::TransformStamped_<std::allocator<void> >[m[Kâ€™ has no member named â€˜[01m[Kdata[m[Kâ€™
[2.423s]    89 |     message.[01;31m[Kdata[m[K = "Hello, world! " + std::to_string(count_++);
[2.423s]       |             [01;31m[K^~~~[m[K
[2.423s] In file included from [01m[K/home/prts/ros2_galactic/ros2-linux/include/rclcpp/client.hpp:40[m[K,
[2.423s]                  from [01m[K/home/prts/ros2_galactic/ros2-linux/include/rclcpp/callback_group.hpp:23[m[K,
[2.424s]                  from [01m[K/home/prts/ros2_galactic/ros2-linux/include/rclcpp/any_executable.hpp:20[m[K,
[2.424s]                  from [01m[K/home/prts/ros2_galactic/ros2-linux/include/rclcpp/memory_strategy.hpp:25[m[K,
[2.424s]                  from [01m[K/home/prts/ros2_galactic/ros2-linux/include/rclcpp/memory_strategies.hpp:18[m[K,
[2.424s]                  from [01m[K/home/prts/ros2_galactic/ros2-linux/include/rclcpp/executor_options.hpp:20[m[K,
[2.424s]                  from [01m[K/home/prts/ros2_galactic/ros2-linux/include/rclcpp/executor.hpp:36[m[K,
[2.424s]                  from [01m[K/home/prts/ros2_galactic/ros2-linux/include/rclcpp/executors/multi_threaded_executor.hpp:26[m[K,
[2.425s]                  from [01m[K/home/prts/ros2_galactic/ros2-linux/include/rclcpp/executors.hpp:21[m[K,
[2.425s]                  from [01m[K/home/prts/ros2_galactic/ros2-linux/include/rclcpp/rclcpp.hpp:156[m[K,
[2.425s]                  from [01m[K/home/prts/RBOT250/src/my_cpp_py_pkg/src/cpp_node.cpp:7[m[K:
[2.425s] [01m[K/home/prts/RBOT250/src/my_cpp_py_pkg/src/cpp_node.cpp:90:65:[m[K [01;31m[Kerror: [m[Kâ€˜[01m[Kstruct geometry_msgs::msg::TransformStamped_<std::allocator<void> >[m[Kâ€™ has no member named â€˜[01m[Kdata[m[Kâ€™
[2.425s]    90 |     RCLCPP_INFO(this->get_logger(), "Publishing: '%s'", message.[01;31m[Kdata[m[K.c_str());
[2.425s]       |                                                                 [01;31m[K^~~~[m[K
[5.025s] make[2]: *** [CMakeFiles/cpp_executable.dir/build.make:63: CMakeFiles/cpp_executable.dir/src/cpp_node.cpp.o] Error 1
[5.025s] make[1]: *** [CMakeFiles/Makefile2:135: CMakeFiles/cpp_executable.dir/all] Error 2
[5.025s] make: *** [Makefile:141: all] Error 2
[5.029s] Invoked command in '/home/prts/RBOT250/build/my_cpp_py_pkg' returned '2': CMAKE_PREFIX_PATH=${CMAKE_PREFIX_PATH}:/home/prts/RBOT250/src/install/learning_tf2_py /usr/bin/cmake --build /home/prts/RBOT250/build/my_cpp_py_pkg -- -j4 -l4
