[0.367s] Invoking command in '/home/prts/RBOT250/src/build/my_cpp_py_pkg': /usr/bin/cmake --build /home/prts/RBOT250/src/build/my_cpp_py_pkg -- -j4 -l4
[0.411s] -- Found ament_cmake: 1.1.4 (/home/prts/ros2_galactic/ros2-linux/share/ament_cmake/cmake)
[0.445s] -- Using PYTHON_EXECUTABLE: /usr/bin/python3
[0.524s] -- Found geometry_msgs: 2.2.3 (/home/prts/ros2_galactic/ros2-linux/share/geometry_msgs/cmake)
[0.547s] -- Using all available rosidl_typesupport_c: rosidl_typesupport_fastrtps_c;rosidl_typesupport_introspection_c
[0.551s] -- Found rosidl_adapter: 2.2.1 (/home/prts/ros2_galactic/ros2-linux/share/rosidl_adapter/cmake)
[0.674s] -- Using all available rosidl_typesupport_cpp: rosidl_typesupport_fastrtps_cpp;rosidl_typesupport_introspection_cpp
[0.773s] -- Found rclcpp: 9.1.0 (/home/prts/ros2_galactic/ros2-linux/share/rclcpp/cmake)
[0.813s] -- Found rmw_implementation_cmake: 3.3.1 (/home/prts/ros2_galactic/ros2-linux/share/rmw_implementation_cmake/cmake)
[0.815s] -- Found rmw_cyclonedds_cpp: 0.22.3 (/home/prts/ros2_galactic/ros2-linux/share/rmw_cyclonedds_cpp/cmake)
[0.836s] -- Using RMW implementation 'rmw_cyclonedds_cpp' as default
[0.933s] -- Found rclpy: 1.9.0 (/home/prts/ros2_galactic/ros2-linux/share/rclpy/cmake)
[0.934s] -- Found tf2: 0.17.2 (/home/prts/ros2_galactic/ros2-linux/share/tf2/cmake)
[0.944s] -- Found tf2_ros: 0.17.2 (/home/prts/ros2_galactic/ros2-linux/share/tf2_ros/cmake)
[1.316s] -- Found turtlesim: 1.3.3 (/home/prts/ros2_galactic/ros2-linux/share/turtlesim/cmake)
[1.378s] -- Found sensor_msgs: 2.2.3 (/home/prts/ros2_galactic/ros2-linux/share/sensor_msgs/cmake)
[1.460s] -- Found trajectory_msgs: 2.2.3 (/home/prts/ros2_galactic/ros2-linux/share/trajectory_msgs/cmake)
[1.688s] -- Configuring done
[1.703s] -- Generating done
[1.705s] -- Build files have been written to: /home/prts/RBOT250/src/build/my_cpp_py_pkg
[1.748s] [35m[1mScanning dependencies of target cpp_executable[0m
[1.761s] [  0%] Built target ament_cmake_python_symlink_my_cpp_py_pkg
[1.789s] [ 50%] [32mBuilding CXX object CMakeFiles/cpp_executable.dir/src/cpp_node.cpp.o[0m
[2.050s] running egg_info
[2.051s] writing my_cpp_py_pkg.egg-info/PKG-INFO
[2.051s] writing dependency_links to my_cpp_py_pkg.egg-info/dependency_links.txt
[2.051s] writing top-level names to my_cpp_py_pkg.egg-info/top_level.txt
[2.055s] reading manifest file 'my_cpp_py_pkg.egg-info/SOURCES.txt'
[2.056s] writing manifest file 'my_cpp_py_pkg.egg-info/SOURCES.txt'
[2.094s] [ 50%] Built target ament_cmake_python_build_my_cpp_py_pkg_egg
[3.813s] [01m[K/home/prts/RBOT250/src/my_cpp_py_pkg/src/cpp_node.cpp:41:20:[m[K [01;31m[Kerror: [m[KISO C++ forbids declaration of â€˜[01m[KMinimalPublisher[m[Kâ€™ with no type [[01;31m[K-fpermissive[m[K]
[3.813s]    41 |   MinimalPublisher([01;31m[K)[m[K
[3.813s]       |                    [01;31m[K^[m[K
[4.133s] [01m[K/home/prts/RBOT250/src/my_cpp_py_pkg/src/cpp_node.cpp:[m[K In member function â€˜[01m[Kint FramePublisher::MinimalPublisher()[m[Kâ€™:
[4.133s] [01m[K/home/prts/RBOT250/src/my_cpp_py_pkg/src/cpp_node.cpp:42:7:[m[K [01;31m[Kerror: [m[Konly constructors take member initializers
[4.133s]    42 |     : [01;31m[KNode[m[K("minimal_publisher"), count_(0)
[4.134s]       |       [01;31m[K^~~~[m[K
[4.134s] [01m[K/home/prts/RBOT250/src/my_cpp_py_pkg/src/cpp_node.cpp:46:7:[m[K [01;31m[Kerror: [m[Kunable to find numeric literal operator â€˜[01m[Koperator""ms[m[Kâ€™
[4.134s]    46 |       [01;31m[K500ms[m[K, std::bind(&MinimalPublisher::timer_callback, this));
[4.134s]       |       [01;31m[K^~~~~[m[K
[4.134s] [01m[K/home/prts/RBOT250/src/my_cpp_py_pkg/src/cpp_node.cpp:46:25:[m[K [01;31m[Kerror: [m[Kâ€˜[01m[KMinimalPublisher[m[Kâ€™ is not a class, namespace, or enumeration
[4.135s]    46 |       500ms, std::bind(&[01;31m[KMinimalPublisher[m[K::timer_callback, this));
[4.135s]       |                         [01;31m[K^~~~~~~~~~~~~~~~[m[K
[4.135s] [01m[K/home/prts/RBOT250/src/my_cpp_py_pkg/src/cpp_node.cpp:47:5:[m[K [01;35m[Kwarning: [m[Kno return statement in function returning non-void [[01;35m[K-Wreturn-type[m[K]
[4.135s]    47 |     [01;35m[K}[m[K
[4.135s]       |     [01;35m[K^[m[K
[6.869s] make[2]: *** [CMakeFiles/cpp_executable.dir/build.make:63: CMakeFiles/cpp_executable.dir/src/cpp_node.cpp.o] Error 1
[6.869s] make[1]: *** [CMakeFiles/Makefile2:135: CMakeFiles/cpp_executable.dir/all] Error 2
[6.869s] make: *** [Makefile:141: all] Error 2
[6.873s] Invoked command in '/home/prts/RBOT250/src/build/my_cpp_py_pkg' returned '2': /usr/bin/cmake --build /home/prts/RBOT250/src/build/my_cpp_py_pkg -- -j4 -l4
