[0.023s] Invoking command in '/home/prts/RBOT250/build/my_cpp_py_pkg': CMAKE_PREFIX_PATH=${CMAKE_PREFIX_PATH}:/home/prts/RBOT250/src/install/learning_tf2_py /usr/bin/cmake --build /home/prts/RBOT250/build/my_cpp_py_pkg -- -j4 -l4
[0.089s] [35m[1mScanning dependencies of target cpp_executable[0m
[0.117s] [  0%] Built target ament_cmake_python_symlink_my_cpp_py_pkg
[0.123s] [ 50%] [32mBuilding CXX object CMakeFiles/cpp_executable.dir/src/cpp_node.cpp.o[0m
[0.263s] [01m[K/home/prts/RBOT250/src/my_cpp_py_pkg/src/cpp_node.cpp:11:10:[m[K [01;31m[Kfatal error: [m[Kmath: No such file or directory
[0.263s]    11 | #include [01;31m[K<math>[m[K
[0.264s]       |          [01;31m[K^~~~~~[m[K
[0.264s] compilation terminated.
[0.267s] make[2]: *** [CMakeFiles/cpp_executable.dir/build.make:63: CMakeFiles/cpp_executable.dir/src/cpp_node.cpp.o] Error 1
[0.267s] make[1]: *** [CMakeFiles/Makefile2:135: CMakeFiles/cpp_executable.dir/all] Error 2
[0.267s] make[1]: *** Waiting for unfinished jobs....
[0.402s] running egg_info
[0.402s] writing my_cpp_py_pkg.egg-info/PKG-INFO
[0.403s] writing dependency_links to my_cpp_py_pkg.egg-info/dependency_links.txt
[0.403s] writing top-level names to my_cpp_py_pkg.egg-info/top_level.txt
[0.406s] reading manifest file 'my_cpp_py_pkg.egg-info/SOURCES.txt'
[0.407s] writing manifest file 'my_cpp_py_pkg.egg-info/SOURCES.txt'
[0.439s] [ 50%] Built target ament_cmake_python_build_my_cpp_py_pkg_egg
[0.440s] make: *** [Makefile:141: all] Error 2
[0.444s] Invoked command in '/home/prts/RBOT250/build/my_cpp_py_pkg' returned '2': CMAKE_PREFIX_PATH=${CMAKE_PREFIX_PATH}:/home/prts/RBOT250/src/install/learning_tf2_py /usr/bin/cmake --build /home/prts/RBOT250/build/my_cpp_py_pkg -- -j4 -l4
