[0.022s] Invoking command in '/home/prts/RBOT250/build/my_cpp_py_pkg': CMAKE_PREFIX_PATH=${CMAKE_PREFIX_PATH}:/home/prts/RBOT250/src/install/learning_tf2_py /usr/bin/cmake --build /home/prts/RBOT250/build/my_cpp_py_pkg -- -j4 -l4
[0.089s] [35m[1mScanning dependencies of target cpp_executable[0m
[0.095s] [  0%] Built target ament_cmake_python_symlink_my_cpp_py_pkg
[0.135s] [ 50%] [32mBuilding CXX object CMakeFiles/cpp_executable.dir/src/cpp_node.cpp.o[0m
[0.387s] running egg_info
[0.388s] writing my_cpp_py_pkg.egg-info/PKG-INFO
[0.388s] writing dependency_links to my_cpp_py_pkg.egg-info/dependency_links.txt
[0.388s] writing top-level names to my_cpp_py_pkg.egg-info/top_level.txt
[0.392s] reading manifest file 'my_cpp_py_pkg.egg-info/SOURCES.txt'
[0.393s] writing manifest file 'my_cpp_py_pkg.egg-info/SOURCES.txt'
[0.430s] [ 50%] Built target ament_cmake_python_build_my_cpp_py_pkg_egg
[2.436s] [01m[K/home/prts/RBOT250/src/my_cpp_py_pkg/src/cpp_node.cpp:[m[K In member function â€˜[01m[Kvoid FramePublisher::timer_callback()[m[Kâ€™:
[2.437s] [01m[K/home/prts/RBOT250/src/my_cpp_py_pkg/src/cpp_node.cpp:90:28:[m[K [01;31m[Kerror: [m[Kcannot convert â€˜[01m[KFramePublisher*[m[Kâ€™ to â€˜[01m[Kstd::shared_ptr<turtlesim::msg::Pose_<std::allocator<void> > >[m[Kâ€™
[2.437s]    90 |     handle_turtle_pose(this[01;31m[K)[m[K;
[2.437s]       |                            [01;31m[K^[m[K
[2.437s] [01m[K/home/prts/RBOT250/src/my_cpp_py_pkg/src/cpp_node.cpp:53:71:[m[K [01;36m[Knote: [m[K  initializing argument 1 of â€˜[01m[Kvoid FramePublisher::handle_turtle_pose(std::shared_ptr<turtlesim::msg::Pose_<std::allocator<void> > >)[m[Kâ€™
[2.437s]    53 |   void handle_turtle_pose([01;36m[Kconst std::shared_ptr<turtlesim::msg::Pose> msg[m[K)
[2.438s]       |                           [01;36m[K~~~~~~~~~~~~~~~~~~~~~~~~~~~~~~~~~~~~~~~~~~~~^~~[m[K
[5.281s] make[2]: *** [CMakeFiles/cpp_executable.dir/build.make:63: CMakeFiles/cpp_executable.dir/src/cpp_node.cpp.o] Error 1
[5.281s] make[1]: *** [CMakeFiles/Makefile2:135: CMakeFiles/cpp_executable.dir/all] Error 2
[5.281s] make: *** [Makefile:141: all] Error 2
[5.284s] Invoked command in '/home/prts/RBOT250/build/my_cpp_py_pkg' returned '2': CMAKE_PREFIX_PATH=${CMAKE_PREFIX_PATH}:/home/prts/RBOT250/src/install/learning_tf2_py /usr/bin/cmake --build /home/prts/RBOT250/build/my_cpp_py_pkg -- -j4 -l4
