[01m[K/home/prts/RBOT250/src/my_cpp_py_pkg/src/cpp_node.cpp:[m[K In constructor â€˜[01m[KFramePublisher::FramePublisher()[m[Kâ€™:
[01m[K/home/prts/RBOT250/src/my_cpp_py_pkg/src/cpp_node.cpp:43:62:[m[K [01;31m[Kerror: [m[Kno matching function for call to â€˜[01m[KFramePublisher::create_wall_timer(int, std::_Bind_helper<false, void (FramePublisher::*)(), FramePublisher*>::type)[m[Kâ€™
   43 |       50000, std::bind(&FramePublisher::timer_callback, this)[01;31m[K)[m[K;
      |                                                              [01;31m[K^[m[K
In file included from [01m[K/home/prts/ros2_galactic/ros2-linux/include/rclcpp/executors/single_threaded_executor.hpp:28[m[K,
                 from [01m[K/home/prts/ros2_galactic/ros2-linux/include/rclcpp/executors.hpp:22[m[K,
                 from [01m[K/home/prts/ros2_galactic/ros2-linux/include/rclcpp/rclcpp.hpp:156[m[K,
                 from [01m[K/home/prts/RBOT250/src/my_cpp_py_pkg/src/cpp_node.cpp:7[m[K:
[01m[K/home/prts/ros2_galactic/ros2-linux/include/rclcpp/node.hpp:237:3:[m[K [01;36m[Knote: [m[Kcandidate: â€˜[01m[Ktemplate<class DurationRepT, class DurationT, class CallbackT> typename rclcpp::WallTimer<CallbackT>::SharedPtr rclcpp::Node::create_wall_timer(std::chrono::duration<_Rep1, _Period1>, CallbackT, rclcpp::CallbackGroup::SharedPtr)[m[Kâ€™
  237 |   [01;36m[Kcreate_wall_timer[m[K(
      |   [01;36m[K^~~~~~~~~~~~~~~~~[m[K
[01m[K/home/prts/ros2_galactic/ros2-linux/include/rclcpp/node.hpp:237:3:[m[K [01;36m[Knote: [m[K  template argument deduction/substitution failed:
[01m[K/home/prts/RBOT250/src/my_cpp_py_pkg/src/cpp_node.cpp:43:62:[m[K [01;36m[Knote: [m[K  mismatched types â€˜[01m[Kstd::chrono::duration<_Rep1, _Period1>[m[Kâ€™ and â€˜[01m[Kint[m[Kâ€™
   43 |       50000, std::bind(&FramePublisher::timer_callback, this)[01;36m[K)[m[K;
      |                                                              [01;36m[K^[m[K
make[2]: *** [CMakeFiles/cpp_executable.dir/build.make:63: CMakeFiles/cpp_executable.dir/src/cpp_node.cpp.o] Error 1
make[1]: *** [CMakeFiles/Makefile2:135: CMakeFiles/cpp_executable.dir/all] Error 2
make: *** [Makefile:141: all] Error 2
