[0.024s] Invoking command in '/home/prts/RBOT250/build/my_cpp_py_pkg': CMAKE_PREFIX_PATH=${CMAKE_PREFIX_PATH}:/home/prts/RBOT250/src/install/learning_tf2_py /usr/bin/cmake --build /home/prts/RBOT250/build/my_cpp_py_pkg -- -j4 -l4
[0.096s] [35m[1mScanning dependencies of target cpp_executable[0m
[0.108s] [  0%] Built target ament_cmake_python_symlink_my_cpp_py_pkg
[0.129s] [ 50%] [32mBuilding CXX object CMakeFiles/cpp_executable.dir/src/cpp_node.cpp.o[0m
[0.395s] running egg_info
[0.396s] writing my_cpp_py_pkg.egg-info/PKG-INFO
[0.396s] writing dependency_links to my_cpp_py_pkg.egg-info/dependency_links.txt
[0.396s] writing top-level names to my_cpp_py_pkg.egg-info/top_level.txt
[0.400s] reading manifest file 'my_cpp_py_pkg.egg-info/SOURCES.txt'
[0.400s] writing manifest file 'my_cpp_py_pkg.egg-info/SOURCES.txt'
[0.444s] [ 50%] Built target ament_cmake_python_build_my_cpp_py_pkg_egg
[2.231s] [01m[K/home/prts/RBOT250/src/my_cpp_py_pkg/src/cpp_node.cpp:[m[K In constructor â€˜[01m[KFramePublisher::FramePublisher()[m[Kâ€™:
[2.231s] [01m[K/home/prts/RBOT250/src/my_cpp_py_pkg/src/cpp_node.cpp:43:62:[m[K [01;31m[Kerror: [m[Kno matching function for call to â€˜[01m[KFramePublisher::create_wall_timer(int, std::_Bind_helper<false, void (FramePublisher::*)(), FramePublisher*>::type)[m[Kâ€™
[2.231s]    43 |       50000, std::bind(&FramePublisher::timer_callback, this)[01;31m[K)[m[K;
[2.231s]       |                                                              [01;31m[K^[m[K
[2.232s] In file included from [01m[K/home/prts/ros2_galactic/ros2-linux/include/rclcpp/executors/single_threaded_executor.hpp:28[m[K,
[2.232s]                  from [01m[K/home/prts/ros2_galactic/ros2-linux/include/rclcpp/executors.hpp:22[m[K,
[2.232s]                  from [01m[K/home/prts/ros2_galactic/ros2-linux/include/rclcpp/rclcpp.hpp:156[m[K,
[2.232s]                  from [01m[K/home/prts/RBOT250/src/my_cpp_py_pkg/src/cpp_node.cpp:7[m[K:
[2.232s] [01m[K/home/prts/ros2_galactic/ros2-linux/include/rclcpp/node.hpp:237:3:[m[K [01;36m[Knote: [m[Kcandidate: â€˜[01m[Ktemplate<class DurationRepT, class DurationT, class CallbackT> typename rclcpp::WallTimer<CallbackT>::SharedPtr rclcpp::Node::create_wall_timer(std::chrono::duration<_Rep1, _Period1>, CallbackT, rclcpp::CallbackGroup::SharedPtr)[m[Kâ€™
[2.232s]   237 |   [01;36m[Kcreate_wall_timer[m[K(
[2.233s]       |   [01;36m[K^~~~~~~~~~~~~~~~~[m[K
[2.233s] [01m[K/home/prts/ros2_galactic/ros2-linux/include/rclcpp/node.hpp:237:3:[m[K [01;36m[Knote: [m[K  template argument deduction/substitution failed:
[2.233s] [01m[K/home/prts/RBOT250/src/my_cpp_py_pkg/src/cpp_node.cpp:43:62:[m[K [01;36m[Knote: [m[K  mismatched types â€˜[01m[Kstd::chrono::duration<_Rep1, _Period1>[m[Kâ€™ and â€˜[01m[Kint[m[Kâ€™
[2.233s]    43 |       50000, std::bind(&FramePublisher::timer_callback, this)[01;36m[K)[m[K;
[2.233s]       |                                                              [01;36m[K^[m[K
[5.169s] make[2]: *** [CMakeFiles/cpp_executable.dir/build.make:63: CMakeFiles/cpp_executable.dir/src/cpp_node.cpp.o] Error 1
[5.169s] make[1]: *** [CMakeFiles/Makefile2:135: CMakeFiles/cpp_executable.dir/all] Error 2
[5.169s] make: *** [Makefile:141: all] Error 2
[5.172s] Invoked command in '/home/prts/RBOT250/build/my_cpp_py_pkg' returned '2': CMAKE_PREFIX_PATH=${CMAKE_PREFIX_PATH}:/home/prts/RBOT250/src/install/learning_tf2_py /usr/bin/cmake --build /home/prts/RBOT250/build/my_cpp_py_pkg -- -j4 -l4
