[0.025s] Invoking command in '/home/prts/RBOT250/build/my_cpp_py_pkg': CMAKE_PREFIX_PATH=${CMAKE_PREFIX_PATH}:/home/prts/RBOT250/src/install/learning_tf2_py /usr/bin/cmake --build /home/prts/RBOT250/build/my_cpp_py_pkg -- -j4 -l4
[0.090s] [35m[1mScanning dependencies of target cpp_executable[0m
[0.104s] [  0%] Built target ament_cmake_python_symlink_my_cpp_py_pkg
[0.132s] [ 50%] [32mBuilding CXX object CMakeFiles/cpp_executable.dir/src/cpp_node.cpp.o[0m
[0.386s] running egg_info
[0.387s] writing my_cpp_py_pkg.egg-info/PKG-INFO
[0.388s] writing dependency_links to my_cpp_py_pkg.egg-info/dependency_links.txt
[0.389s] writing top-level names to my_cpp_py_pkg.egg-info/top_level.txt
[0.397s] reading manifest file 'my_cpp_py_pkg.egg-info/SOURCES.txt'
[0.398s] writing manifest file 'my_cpp_py_pkg.egg-info/SOURCES.txt'
[0.438s] [ 50%] Built target ament_cmake_python_build_my_cpp_py_pkg_egg
[2.237s] [01m[K/home/prts/RBOT250/src/my_cpp_py_pkg/src/cpp_node.cpp:[m[K In constructor â€˜[01m[KFramePublisher::FramePublisher()[m[Kâ€™:
[2.237s] [01m[K/home/prts/RBOT250/src/my_cpp_py_pkg/src/cpp_node.cpp:36:86:[m[K [01;31m[Kerror: [m[Kno match for â€˜[01m[Koperator=[m[Kâ€™ (operand types are â€˜[01m[Krclcpp::Publisher<geometry_msgs::msg::TransformStamped_<std::allocator<void> > >::SharedPtr[m[Kâ€™ {aka â€˜[01m[Kstd::shared_ptr<rclcpp::Publisher<geometry_msgs::msg::TransformStamped_<std::allocator<void> > > >[m[Kâ€™} and â€˜[01m[Kstd::shared_ptr<rclcpp::Publisher<std_msgs::msg::String_<std::allocator<void> >, std::allocator<void> > >[m[Kâ€™)
[2.237s]    36 |     publisher_ = this->create_publisher<std_msgs::msg::String>("homeworks/hw1/tf", 10[01;31m[K)[m[K;
[2.238s]       |                                                                                      [01;31m[K^[m[K
[2.238s] In file included from [01m[K/usr/include/c++/9/memory:81[m[K,
[2.238s]                  from [01m[K/home/prts/ros2_galactic/ros2-linux/include/rosidl_runtime_cpp/bounded_vector.hpp:19[m[K,
[2.238s]                  from [01m[K/home/prts/ros2_galactic/ros2-linux/include/geometry_msgs/msg/detail/transform_stamped__struct.hpp:8[m[K,
[2.238s]                  from [01m[K/home/prts/ros2_galactic/ros2-linux/include/geometry_msgs/msg/transform_stamped.hpp:7[m[K,
[2.239s]                  from [01m[K/home/prts/RBOT250/src/my_cpp_py_pkg/src/cpp_node.cpp:1[m[K:
[2.239s] [01m[K/usr/include/c++/9/bits/shared_ptr.h:309:19:[m[K [01;36m[Knote: [m[Kcandidate: â€˜[01m[Kstd::shared_ptr<_Tp>& std::shared_ptr<_Tp>::operator=(const std::shared_ptr<_Tp>&) [with _Tp = rclcpp::Publisher<geometry_msgs::msg::TransformStamped_<std::allocator<void> > >][m[Kâ€™
[2.239s]   309 |       shared_ptr& [01;36m[Koperator[m[K=(const shared_ptr&) noexcept = default;
[2.239s]       |                   [01;36m[K^~~~~~~~[m[K
[2.239s] [01m[K/usr/include/c++/9/bits/shared_ptr.h:309:29:[m[K [01;36m[Knote: [m[K  no known conversion for argument 1 from â€˜[01m[Kstd::shared_ptr<rclcpp::Publisher<std_msgs::msg::String_<std::allocator<void> >, std::allocator<void> > >[m[Kâ€™ to â€˜[01m[Kconst std::shared_ptr<rclcpp::Publisher<geometry_msgs::msg::TransformStamped_<std::allocator<void> > > >&[m[Kâ€™
[2.239s]   309 |       shared_ptr& operator=([01;36m[Kconst shared_ptr&[m[K) noexcept = default;
[2.239s]       |                             [01;36m[K^~~~~~~~~~~~~~~~~[m[K
[2.240s] [01m[K/usr/include/c++/9/bits/shared_ptr.h:313:2:[m[K [01;36m[Knote: [m[Kcandidate: â€˜[01m[Ktemplate<class _Yp> std::shared_ptr<_Tp>::_Assignable<const std::shared_ptr<_Yp>&> std::shared_ptr<_Tp>::operator=(const std::shared_ptr<_Yp>&) [with _Yp = _Yp; _Tp = rclcpp::Publisher<geometry_msgs::msg::TransformStamped_<std::allocator<void> > >][m[Kâ€™
[2.240s]   313 |  [01;36m[Koperator[m[K=(const shared_ptr<_Yp>& __r) noexcept
[2.240s]       |  [01;36m[K^~~~~~~~[m[K
[2.240s] [01m[K/usr/include/c++/9/bits/shared_ptr.h:313:2:[m[K [01;36m[Knote: [m[K  template argument deduction/substitution failed:
[2.240s] /usr/include/c++/9/bits/shared_ptr.h: In substitution of â€˜[01m[Ktemplate<class _Tp> template<class _Arg> using _Assignable = typename std::enable_if<std::is_assignable<std::__shared_ptr<_Tp>&, _Arg>::value, std::shared_ptr<_Tp>&>::type [with _Arg = const std::shared_ptr<rclcpp::Publisher<std_msgs::msg::String_<std::allocator<void> >, std::allocator<void> > >&; _Tp = rclcpp::Publisher<geometry_msgs::msg::TransformStamped_<std::allocator<void> > >][m[Kâ€™:
[2.241s] [01m[K/usr/include/c++/9/bits/shared_ptr.h:313:2:[m[K   required by substitution of â€˜[01m[Ktemplate<class _Yp> std::shared_ptr<rclcpp::Publisher<geometry_msgs::msg::TransformStamped_<std::allocator<void> > > >::_Assignable<const std::shared_ptr<_Tp>&> std::shared_ptr<rclcpp::Publisher<geometry_msgs::msg::TransformStamped_<std::allocator<void> > > >::operator=<_Yp>(const std::shared_ptr<_Tp>&) [with _Yp = rclcpp::Publisher<std_msgs::msg::String_<std::allocator<void> >, std::allocator<void> >][m[Kâ€™
[2.241s] [01m[K/home/prts/RBOT250/src/my_cpp_py_pkg/src/cpp_node.cpp:36:86:[m[K   required from here
[2.241s] [01m[K/usr/include/c++/9/bits/shared_ptr.h:111:8:[m[K [01;31m[Kerror: [m[Kno type named â€˜[01m[Ktype[m[Kâ€™ in â€˜[01m[Kstruct std::enable_if<false, std::shared_ptr<rclcpp::Publisher<geometry_msgs::msg::TransformStamped_<std::allocator<void> > > >&>[m[Kâ€™
[2.241s]   111 |  using [01;31m[K_Assignable[m[K = typename enable_if<
[2.241s]       |        [01;31m[K^~~~~~~~~~~[m[K
[2.241s] [01m[K/usr/include/c++/9/bits/shared_ptr.h:324:2:[m[K [01;36m[Knote: [m[Kcandidate: â€˜[01m[Ktemplate<class _Yp> std::shared_ptr<_Tp>::_Assignable<std::auto_ptr<_Up> > std::shared_ptr<_Tp>::operator=(std::auto_ptr<_Up>&&) [with _Yp = _Yp; _Tp = rclcpp::Publisher<geometry_msgs::msg::TransformStamped_<std::allocator<void> > >][m[Kâ€™
[2.242s]   324 |  [01;36m[Koperator[m[K=(auto_ptr<_Yp>&& __r)
[2.242s]       |  [01;36m[K^~~~~~~~[m[K
[2.242s] [01m[K/usr/include/c++/9/bits/shared_ptr.h:324:2:[m[K [01;36m[Knote: [m[K  template argument deduction/substitution failed:
[2.242s] [01m[K/home/prts/RBOT250/src/my_cpp_py_pkg/src/cpp_node.cpp:36:86:[m[K [01;36m[Knote: [m[K  â€˜[01m[Kstd::shared_ptr<rclcpp::Publisher<std_msgs::msg::String_<std::allocator<void> >, std::allocator<void> > >[m[Kâ€™ is not derived from â€˜[01m[Kstd::auto_ptr<_Up>[m[Kâ€™
[2.242s]    36 |     publisher_ = this->create_publisher<std_msgs::msg::String>("homeworks/hw1/tf", 10[01;36m[K)[m[K;
[2.242s]       |                                                                                      [01;36m[K^[m[K
[2.243s] In file included from [01m[K/usr/include/c++/9/memory:81[m[K,
[2.243s]                  from [01m[K/home/prts/ros2_galactic/ros2-linux/include/rosidl_runtime_cpp/bounded_vector.hpp:19[m[K,
[2.243s]                  from [01m[K/home/prts/ros2_galactic/ros2-linux/include/geometry_msgs/msg/detail/transform_stamped__struct.hpp:8[m[K,
[2.243s]                  from [01m[K/home/prts/ros2_galactic/ros2-linux/include/geometry_msgs/msg/transform_stamped.hpp:7[m[K,
[2.243s]                  from [01m[K/home/prts/RBOT250/src/my_cpp_py_pkg/src/cpp_node.cpp:1[m[K:
[2.243s] [01m[K/usr/include/c++/9/bits/shared_ptr.h:333:7:[m[K [01;36m[Knote: [m[Kcandidate: â€˜[01m[Kstd::shared_ptr<_Tp>& std::shared_ptr<_Tp>::operator=(std::shared_ptr<_Tp>&&) [with _Tp = rclcpp::Publisher<geometry_msgs::msg::TransformStamped_<std::allocator<void> > >][m[Kâ€™
[2.244s]   333 |       [01;36m[Koperator[m[K=(shared_ptr&& __r) noexcept
[2.244s]       |       [01;36m[K^~~~~~~~[m[K
[2.244s] [01m[K/usr/include/c++/9/bits/shared_ptr.h:333:30:[m[K [01;36m[Knote: [m[K  no known conversion for argument 1 from â€˜[01m[Kstd::shared_ptr<rclcpp::Publisher<std_msgs::msg::String_<std::allocator<void> >, std::allocator<void> > >[m[Kâ€™ to â€˜[01m[Kstd::shared_ptr<rclcpp::Publisher<geometry_msgs::msg::TransformStamped_<std::allocator<void> > > >&&[m[Kâ€™
[2.244s]   333 |       operator=([01;36m[Kshared_ptr&& __r[m[K) noexcept
[2.244s]       |                 [01;36m[K~~~~~~~~~~~~~^~~[m[K
[2.244s] [01m[K/usr/include/c++/9/bits/shared_ptr.h:341:2:[m[K [01;36m[Knote: [m[Kcandidate: â€˜[01m[Ktemplate<class _Yp> std::shared_ptr<_Tp>::_Assignable<std::shared_ptr<_Yp> > std::shared_ptr<_Tp>::operator=(std::shared_ptr<_Yp>&&) [with _Yp = _Yp; _Tp = rclcpp::Publisher<geometry_msgs::msg::TransformStamped_<std::allocator<void> > >][m[Kâ€™
[2.245s]   341 |  [01;36m[Koperator[m[K=(shared_ptr<_Yp>&& __r) noexcept
[2.245s]       |  [01;36m[K^~~~~~~~[m[K
[2.245s] [01m[K/usr/include/c++/9/bits/shared_ptr.h:341:2:[m[K [01;36m[Knote: [m[K  template argument deduction/substitution failed:
[2.245s] /usr/include/c++/9/bits/shared_ptr.h: In substitution of â€˜[01m[Ktemplate<class _Tp> template<class _Arg> using _Assignable = typename std::enable_if<std::is_assignable<std::__shared_ptr<_Tp>&, _Arg>::value, std::shared_ptr<_Tp>&>::type [with _Arg = std::shared_ptr<rclcpp::Publisher<std_msgs::msg::String_<std::allocator<void> >, std::allocator<void> > >; _Tp = rclcpp::Publisher<geometry_msgs::msg::TransformStamped_<std::allocator<void> > >][m[Kâ€™:
[2.245s] [01m[K/usr/include/c++/9/bits/shared_ptr.h:341:2:[m[K   required by substitution of â€˜[01m[Ktemplate<class _Yp> std::shared_ptr<rclcpp::Publisher<geometry_msgs::msg::TransformStamped_<std::allocator<void> > > >::_Assignable<std::shared_ptr<_Tp> > std::shared_ptr<rclcpp::Publisher<geometry_msgs::msg::TransformStamped_<std::allocator<void> > > >::operator=<_Yp>(std::shared_ptr<_Tp>&&) [with _Yp = rclcpp::Publisher<std_msgs::msg::String_<std::allocator<void> >, std::allocator<void> >][m[Kâ€™
[2.245s] [01m[K/home/prts/RBOT250/src/my_cpp_py_pkg/src/cpp_node.cpp:36:86:[m[K   required from here
[2.246s] [01m[K/usr/include/c++/9/bits/shared_ptr.h:111:8:[m[K [01;31m[Kerror: [m[Kno type named â€˜[01m[Ktype[m[Kâ€™ in â€˜[01m[Kstruct std::enable_if<false, std::shared_ptr<rclcpp::Publisher<geometry_msgs::msg::TransformStamped_<std::allocator<void> > > >&>[m[Kâ€™
[2.246s]   111 |  using [01;31m[K_Assignable[m[K = typename enable_if<
[2.246s]       |        [01;31m[K^~~~~~~~~~~[m[K
[2.246s] [01m[K/usr/include/c++/9/bits/shared_ptr.h:349:2:[m[K [01;36m[Knote: [m[Kcandidate: â€˜[01m[Ktemplate<class _Yp, class _Del> std::shared_ptr<_Tp>::_Assignable<std::unique_ptr<_Up, _Ep> > std::shared_ptr<_Tp>::operator=(std::unique_ptr<_Up, _Ep>&&) [with _Yp = _Yp; _Del = _Del; _Tp = rclcpp::Publisher<geometry_msgs::msg::TransformStamped_<std::allocator<void> > >][m[Kâ€™
[2.246s]   349 |  [01;36m[Koperator[m[K=(unique_ptr<_Yp, _Del>&& __r)
[2.246s]       |  [01;36m[K^~~~~~~~[m[K
[2.247s] [01m[K/usr/include/c++/9/bits/shared_ptr.h:349:2:[m[K [01;36m[Knote: [m[K  template argument deduction/substitution failed:
[2.247s] [01m[K/home/prts/RBOT250/src/my_cpp_py_pkg/src/cpp_node.cpp:36:86:[m[K [01;36m[Knote: [m[K  â€˜[01m[Kstd::shared_ptr<rclcpp::Publisher<std_msgs::msg::String_<std::allocator<void> >, std::allocator<void> > >[m[Kâ€™ is not derived from â€˜[01m[Kstd::unique_ptr<_Tp, _Dp>[m[Kâ€™
[2.247s]    36 |     publisher_ = this->create_publisher<std_msgs::msg::String>("homeworks/hw1/tf", 10[01;36m[K)[m[K;
[2.247s]       |                                                                                      [01;36m[K^[m[K
[2.476s] [01m[K/home/prts/RBOT250/src/my_cpp_py_pkg/src/cpp_node.cpp:[m[K In member function â€˜[01m[Kvoid FramePublisher::timer_callback()[m[Kâ€™:
[2.477s] [01m[K/home/prts/RBOT250/src/my_cpp_py_pkg/src/cpp_node.cpp:90:28:[m[K [01;31m[Kerror: [m[Kcannot convert â€˜[01m[KFramePublisher*[m[Kâ€™ to â€˜[01m[Kstd::shared_ptr<turtlesim::msg::Pose_<std::allocator<void> > >[m[Kâ€™
[2.477s]    90 |     handle_turtle_pose(this[01;31m[K)[m[K;
[2.477s]       |                            [01;31m[K^[m[K
[2.477s] [01m[K/home/prts/RBOT250/src/my_cpp_py_pkg/src/cpp_node.cpp:53:71:[m[K [01;36m[Knote: [m[K  initializing argument 1 of â€˜[01m[Kvoid FramePublisher::handle_turtle_pose(std::shared_ptr<turtlesim::msg::Pose_<std::allocator<void> > >)[m[Kâ€™
[2.477s]    53 |   void handle_turtle_pose([01;36m[Kconst std::shared_ptr<turtlesim::msg::Pose> msg[m[K)
[2.477s]       |                           [01;36m[K~~~~~~~~~~~~~~~~~~~~~~~~~~~~~~~~~~~~~~~~~~~~^~~[m[K
[5.447s] make[2]: *** [CMakeFiles/cpp_executable.dir/build.make:63: CMakeFiles/cpp_executable.dir/src/cpp_node.cpp.o] Error 1
[5.448s] make[1]: *** [CMakeFiles/Makefile2:135: CMakeFiles/cpp_executable.dir/all] Error 2
[5.448s] make: *** [Makefile:141: all] Error 2
[5.451s] Invoked command in '/home/prts/RBOT250/build/my_cpp_py_pkg' returned '2': CMAKE_PREFIX_PATH=${CMAKE_PREFIX_PATH}:/home/prts/RBOT250/src/install/learning_tf2_py /usr/bin/cmake --build /home/prts/RBOT250/build/my_cpp_py_pkg -- -j4 -l4
