[0.021s] Invoking command in '/home/prts/RBOT250/build/my_cpp_py_pkg': CMAKE_PREFIX_PATH=${CMAKE_PREFIX_PATH}:/home/prts/RBOT250/src/install/learning_tf2_py /usr/bin/cmake --build /home/prts/RBOT250/build/my_cpp_py_pkg -- -j4 -l4
[0.095s] [35m[1mScanning dependencies of target cpp_executable[0m
[0.111s] [  0%] Built target ament_cmake_python_symlink_my_cpp_py_pkg
[0.128s] [ 50%] [32mBuilding CXX object CMakeFiles/cpp_executable.dir/src/cpp_node.cpp.o[0m
[0.393s] running egg_info
[0.394s] writing my_cpp_py_pkg.egg-info/PKG-INFO
[0.394s] writing dependency_links to my_cpp_py_pkg.egg-info/dependency_links.txt
[0.394s] writing top-level names to my_cpp_py_pkg.egg-info/top_level.txt
[0.398s] reading manifest file 'my_cpp_py_pkg.egg-info/SOURCES.txt'
[0.399s] writing manifest file 'my_cpp_py_pkg.egg-info/SOURCES.txt'
[0.443s] [ 50%] Built target ament_cmake_python_build_my_cpp_py_pkg_egg
[2.107s] [01m[K/home/prts/RBOT250/src/my_cpp_py_pkg/src/cpp_node.cpp:41:20:[m[K [01;31m[Kerror: [m[KISO C++ forbids declaration of â€˜[01m[KMinimalPublisher[m[Kâ€™ with no type [[01;31m[K-fpermissive[m[K]
[2.107s]    41 |   MinimalPublisher([01;31m[K)[m[K
[2.108s]       |                    [01;31m[K^[m[K
[2.422s] [01m[K/home/prts/RBOT250/src/my_cpp_py_pkg/src/cpp_node.cpp:[m[K In member function â€˜[01m[Kint FramePublisher::MinimalPublisher()[m[Kâ€™:
[2.423s] [01m[K/home/prts/RBOT250/src/my_cpp_py_pkg/src/cpp_node.cpp:42:7:[m[K [01;31m[Kerror: [m[Konly constructors take member initializers
[2.423s]    42 |     : [01;31m[KNode[m[K("minimal_publisher"), count_(0)
[2.423s]       |       [01;31m[K^~~~[m[K
[2.423s] [01m[K/home/prts/RBOT250/src/my_cpp_py_pkg/src/cpp_node.cpp:46:7:[m[K [01;31m[Kerror: [m[Kunable to find numeric literal operator â€˜[01m[Koperator""ms[m[Kâ€™
[2.424s]    46 |       [01;31m[K500ms[m[K, std::bind(&MinimalPublisher::timer_callback, this));
[2.424s]       |       [01;31m[K^~~~~[m[K
[2.424s] [01m[K/home/prts/RBOT250/src/my_cpp_py_pkg/src/cpp_node.cpp:46:25:[m[K [01;31m[Kerror: [m[Kâ€˜[01m[KMinimalPublisher[m[Kâ€™ is not a class, namespace, or enumeration
[2.424s]    46 |       500ms, std::bind(&[01;31m[KMinimalPublisher[m[K::timer_callback, this));
[2.424s]       |                         [01;31m[K^~~~~~~~~~~~~~~~[m[K
[2.425s] [01m[K/home/prts/RBOT250/src/my_cpp_py_pkg/src/cpp_node.cpp:47:5:[m[K [01;35m[Kwarning: [m[Kno return statement in function returning non-void [[01;35m[K-Wreturn-type[m[K]
[2.425s]    47 |     [01;35m[K}[m[K
[2.425s]       |     [01;35m[K^[m[K
[5.093s] make[2]: *** [CMakeFiles/cpp_executable.dir/build.make:63: CMakeFiles/cpp_executable.dir/src/cpp_node.cpp.o] Error 1
[5.094s] make[1]: *** [CMakeFiles/Makefile2:135: CMakeFiles/cpp_executable.dir/all] Error 2
[5.094s] make: *** [Makefile:141: all] Error 2
[5.097s] Invoked command in '/home/prts/RBOT250/build/my_cpp_py_pkg' returned '2': CMAKE_PREFIX_PATH=${CMAKE_PREFIX_PATH}:/home/prts/RBOT250/src/install/learning_tf2_py /usr/bin/cmake --build /home/prts/RBOT250/build/my_cpp_py_pkg -- -j4 -l4
